d:\pjsip\pjproject-2.8\pjsip\build\output\pjsip_ua--win32-vc8-release-dynamic\pjsip_ua.bsc
d:\pjsip\pjproject-2.8\pjsip\build\output\pjsip_ua--win32-vc8-release-dynamic\pjsip_ua.pdb
d:\pjsip\pjproject-2.8\pjsip\build\output\pjsip_ua--win32-vc8-release-dynamic\sip_100rel.sbr
d:\pjsip\pjproject-2.8\pjsip\build\output\pjsip_ua--win32-vc8-release-dynamic\sip_inv.sbr
d:\pjsip\pjproject-2.8\pjsip\build\output\pjsip_ua--win32-vc8-release-dynamic\sip_reg.sbr
d:\pjsip\pjproject-2.8\pjsip\build\output\pjsip_ua--win32-vc8-release-dynamic\sip_replaces.sbr
d:\pjsip\pjproject-2.8\pjsip\build\output\pjsip_ua--win32-vc8-release-dynamic\sip_timer.sbr
d:\pjsip\pjproject-2.8\pjsip\build\output\pjsip_ua--win32-vc8-release-dynamic\sip_xfer.sbr
d:\pjsip\pjproject-2.8\pjsip\build\output\pjsip_ua--win32-vc8-release-dynamic\sip_xfer.obj
d:\pjsip\pjproject-2.8\pjsip\build\output\pjsip_ua--win32-vc8-release-dynamic\sip_timer.obj
d:\pjsip\pjproject-2.8\pjsip\build\output\pjsip_ua--win32-vc8-release-dynamic\sip_replaces.obj
d:\pjsip\pjproject-2.8\pjsip\build\output\pjsip_ua--win32-vc8-release-dynamic\sip_reg.obj
d:\pjsip\pjproject-2.8\pjsip\build\output\pjsip_ua--win32-vc8-release-dynamic\sip_inv.obj
d:\pjsip\pjproject-2.8\pjsip\build\output\pjsip_ua--win32-vc8-release-dynamic\sip_100rel.obj
d:\pjsip\pjproject-2.8\pjsip\lib\pjsip-ua-i386-win32-vc8-release-dynamic.lib
d:\pjsip\pjproject-2.8\pjsip\build\output\pjsip_ua--win32-vc8-release-dynamic\pjsip_ua.tlog\bscmake.command.1.tlog
d:\pjsip\pjproject-2.8\pjsip\build\output\pjsip_ua--win32-vc8-release-dynamic\pjsip_ua.tlog\bscmake.read.1.tlog
d:\pjsip\pjproject-2.8\pjsip\build\output\pjsip_ua--win32-vc8-release-dynamic\pjsip_ua.tlog\bscmake.write.1.tlog
d:\pjsip\pjproject-2.8\pjsip\build\output\pjsip_ua--win32-vc8-release-dynamic\pjsip_ua.tlog\cl.command.1.tlog
d:\pjsip\pjproject-2.8\pjsip\build\output\pjsip_ua--win32-vc8-release-dynamic\pjsip_ua.tlog\cl.read.1.tlog
d:\pjsip\pjproject-2.8\pjsip\build\output\pjsip_ua--win32-vc8-release-dynamic\pjsip_ua.tlog\cl.write.1.tlog
d:\pjsip\pjproject-2.8\pjsip\build\output\pjsip_ua--win32-vc8-release-dynamic\pjsip_ua.tlog\lib-link.read.1.tlog
d:\pjsip\pjproject-2.8\pjsip\build\output\pjsip_ua--win32-vc8-release-dynamic\pjsip_ua.tlog\lib-link.write.1.tlog
d:\pjsip\pjproject-2.8\pjsip\build\output\pjsip_ua--win32-vc8-release-dynamic\pjsip_ua.tlog\lib.command.1.tlog
