d:\pjsip\pjproject-2.8\pjsip\build\output\pjsua_lib--win32-vc8-release-dynamic\pjsua_lib.bsc
d:\pjsip\pjproject-2.8\pjsip\build\output\pjsua_lib--win32-vc8-release-dynamic\pjsua_lib.pdb
d:\pjsip\pjproject-2.8\pjsip\build\output\pjsua_lib--win32-vc8-release-dynamic\pjsua_acc.sbr
d:\pjsip\pjproject-2.8\pjsip\build\output\pjsua_lib--win32-vc8-release-dynamic\pjsua_aud.sbr
d:\pjsip\pjproject-2.8\pjsip\build\output\pjsua_lib--win32-vc8-release-dynamic\pjsua_call.sbr
d:\pjsip\pjproject-2.8\pjsip\build\output\pjsua_lib--win32-vc8-release-dynamic\pjsua_core.sbr
d:\pjsip\pjproject-2.8\pjsip\build\output\pjsua_lib--win32-vc8-release-dynamic\pjsua_dump.sbr
d:\pjsip\pjproject-2.8\pjsip\build\output\pjsua_lib--win32-vc8-release-dynamic\pjsua_im.sbr
d:\pjsip\pjproject-2.8\pjsip\build\output\pjsua_lib--win32-vc8-release-dynamic\pjsua_media.sbr
d:\pjsip\pjproject-2.8\pjsip\build\output\pjsua_lib--win32-vc8-release-dynamic\pjsua_pres.sbr
d:\pjsip\pjproject-2.8\pjsip\build\output\pjsua_lib--win32-vc8-release-dynamic\pjsua_vid.sbr
d:\pjsip\pjproject-2.8\pjsip\build\output\pjsua_lib--win32-vc8-release-dynamic\pjsua_vid.obj
d:\pjsip\pjproject-2.8\pjsip\build\output\pjsua_lib--win32-vc8-release-dynamic\pjsua_pres.obj
d:\pjsip\pjproject-2.8\pjsip\build\output\pjsua_lib--win32-vc8-release-dynamic\pjsua_media.obj
d:\pjsip\pjproject-2.8\pjsip\build\output\pjsua_lib--win32-vc8-release-dynamic\pjsua_im.obj
d:\pjsip\pjproject-2.8\pjsip\build\output\pjsua_lib--win32-vc8-release-dynamic\pjsua_dump.obj
d:\pjsip\pjproject-2.8\pjsip\build\output\pjsua_lib--win32-vc8-release-dynamic\pjsua_core.obj
d:\pjsip\pjproject-2.8\pjsip\build\output\pjsua_lib--win32-vc8-release-dynamic\pjsua_call.obj
d:\pjsip\pjproject-2.8\pjsip\build\output\pjsua_lib--win32-vc8-release-dynamic\pjsua_aud.obj
d:\pjsip\pjproject-2.8\pjsip\build\output\pjsua_lib--win32-vc8-release-dynamic\pjsua_acc.obj
d:\pjsip\pjproject-2.8\pjsip\lib\pjsua-lib-i386-win32-vc8-release-dynamic.lib
d:\pjsip\pjproject-2.8\pjsip\build\output\pjsua_lib--win32-vc8-release-dynamic\pjsua_lib.tlog\bscmake.command.1.tlog
d:\pjsip\pjproject-2.8\pjsip\build\output\pjsua_lib--win32-vc8-release-dynamic\pjsua_lib.tlog\bscmake.read.1.tlog
d:\pjsip\pjproject-2.8\pjsip\build\output\pjsua_lib--win32-vc8-release-dynamic\pjsua_lib.tlog\bscmake.write.1.tlog
d:\pjsip\pjproject-2.8\pjsip\build\output\pjsua_lib--win32-vc8-release-dynamic\pjsua_lib.tlog\cl.command.1.tlog
d:\pjsip\pjproject-2.8\pjsip\build\output\pjsua_lib--win32-vc8-release-dynamic\pjsua_lib.tlog\cl.read.1.tlog
d:\pjsip\pjproject-2.8\pjsip\build\output\pjsua_lib--win32-vc8-release-dynamic\pjsua_lib.tlog\cl.write.1.tlog
d:\pjsip\pjproject-2.8\pjsip\build\output\pjsua_lib--win32-vc8-release-dynamic\pjsua_lib.tlog\lib-link.read.1.tlog
d:\pjsip\pjproject-2.8\pjsip\build\output\pjsua_lib--win32-vc8-release-dynamic\pjsua_lib.tlog\lib-link.write.1.tlog
d:\pjsip\pjproject-2.8\pjsip\build\output\pjsua_lib--win32-vc8-release-dynamic\pjsua_lib.tlog\lib.command.1.tlog
