d:\pjsip\pjproject-2.8\pjsip-apps\build\output\pjsua--win32-vc8-release-dynamic\pjsua.bsc
d:\pjsip\pjproject-2.8\pjsip-apps\build\output\pjsua--win32-vc8-release-dynamic\vc141.pdb
d:\pjsip\pjproject-2.8\pjsip-apps\build\output\pjsua--win32-vc8-release-dynamic\main.sbr
d:\pjsip\pjproject-2.8\pjsip-apps\build\output\pjsua--win32-vc8-release-dynamic\pjsua_app.sbr
d:\pjsip\pjproject-2.8\pjsip-apps\build\output\pjsua--win32-vc8-release-dynamic\pjsua_app_cli.sbr
d:\pjsip\pjproject-2.8\pjsip-apps\build\output\pjsua--win32-vc8-release-dynamic\pjsua_app_common.sbr
d:\pjsip\pjproject-2.8\pjsip-apps\build\output\pjsua--win32-vc8-release-dynamic\pjsua_app_config.sbr
d:\pjsip\pjproject-2.8\pjsip-apps\build\output\pjsua--win32-vc8-release-dynamic\pjsua_app_legacy.sbr
d:\pjsip\pjproject-2.8\pjsip-apps\build\output\pjsua--win32-vc8-release-dynamic\pjsua_app_legacy.obj
d:\pjsip\pjproject-2.8\pjsip-apps\build\output\pjsua--win32-vc8-release-dynamic\pjsua_app_config.obj
d:\pjsip\pjproject-2.8\pjsip-apps\build\output\pjsua--win32-vc8-release-dynamic\pjsua_app_common.obj
d:\pjsip\pjproject-2.8\pjsip-apps\build\output\pjsua--win32-vc8-release-dynamic\pjsua_app_cli.obj
d:\pjsip\pjproject-2.8\pjsip-apps\build\output\pjsua--win32-vc8-release-dynamic\pjsua_app.obj
d:\pjsip\pjproject-2.8\pjsip-apps\build\output\pjsua--win32-vc8-release-dynamic\main.obj
d:\pjsip\pjproject-2.8\pjsip-apps\bin\pjsua-i386-win32-vc8-release-dynamic.exe
d:\pjsip\pjproject-2.8\pjsip-apps\build\output\pjsua--win32-vc8-release-dynamic\pjsua.pdb
d:\pjsip\pjproject-2.8\pjsip-apps\build\output\pjsua--win32-vc8-release-dynamic\pjsua.tlog\bscmake.command.1.tlog
d:\pjsip\pjproject-2.8\pjsip-apps\build\output\pjsua--win32-vc8-release-dynamic\pjsua.tlog\bscmake.read.1.tlog
d:\pjsip\pjproject-2.8\pjsip-apps\build\output\pjsua--win32-vc8-release-dynamic\pjsua.tlog\bscmake.write.1.tlog
d:\pjsip\pjproject-2.8\pjsip-apps\build\output\pjsua--win32-vc8-release-dynamic\pjsua.tlog\cl.command.1.tlog
d:\pjsip\pjproject-2.8\pjsip-apps\build\output\pjsua--win32-vc8-release-dynamic\pjsua.tlog\cl.read.1.tlog
d:\pjsip\pjproject-2.8\pjsip-apps\build\output\pjsua--win32-vc8-release-dynamic\pjsua.tlog\cl.write.1.tlog
d:\pjsip\pjproject-2.8\pjsip-apps\build\output\pjsua--win32-vc8-release-dynamic\pjsua.tlog\link.command.1.tlog
d:\pjsip\pjproject-2.8\pjsip-apps\build\output\pjsua--win32-vc8-release-dynamic\pjsua.tlog\link.read.1.tlog
d:\pjsip\pjproject-2.8\pjsip-apps\build\output\pjsua--win32-vc8-release-dynamic\pjsua.tlog\link.write.1.tlog
