d:\pjsip\pjproject-2.8\pjsip\build\output\pjsip_core--win32-vc8-release-dynamic\pjsip_core.bsc
d:\pjsip\pjproject-2.8\pjsip\build\output\pjsip_core--win32-vc8-release-dynamic\pjsip_core.pdb
d:\pjsip\pjproject-2.8\pjsip\build\output\pjsip_core--win32-vc8-release-dynamic\sip_auth_aka.sbr
d:\pjsip\pjproject-2.8\pjsip\build\output\pjsip_core--win32-vc8-release-dynamic\sip_auth_client.sbr
d:\pjsip\pjproject-2.8\pjsip\build\output\pjsip_core--win32-vc8-release-dynamic\sip_auth_msg.sbr
d:\pjsip\pjproject-2.8\pjsip\build\output\pjsip_core--win32-vc8-release-dynamic\sip_auth_parser.sbr
d:\pjsip\pjproject-2.8\pjsip\build\output\pjsip_core--win32-vc8-release-dynamic\sip_auth_server.sbr
d:\pjsip\pjproject-2.8\pjsip\build\output\pjsip_core--win32-vc8-release-dynamic\sip_config.sbr
d:\pjsip\pjproject-2.8\pjsip\build\output\pjsip_core--win32-vc8-release-dynamic\sip_dialog.sbr
d:\pjsip\pjproject-2.8\pjsip\build\output\pjsip_core--win32-vc8-release-dynamic\sip_endpoint.sbr
d:\pjsip\pjproject-2.8\pjsip\build\output\pjsip_core--win32-vc8-release-dynamic\sip_errno.sbr
d:\pjsip\pjproject-2.8\pjsip\build\output\pjsip_core--win32-vc8-release-dynamic\sip_msg.sbr
d:\pjsip\pjproject-2.8\pjsip\build\output\pjsip_core--win32-vc8-release-dynamic\sip_multipart.sbr
d:\pjsip\pjproject-2.8\pjsip\build\output\pjsip_core--win32-vc8-release-dynamic\sip_parser.sbr
d:\pjsip\pjproject-2.8\pjsip\build\output\pjsip_core--win32-vc8-release-dynamic\sip_resolve.sbr
d:\pjsip\pjproject-2.8\pjsip\build\output\pjsip_core--win32-vc8-release-dynamic\sip_tel_uri.sbr
d:\pjsip\pjproject-2.8\pjsip\build\output\pjsip_core--win32-vc8-release-dynamic\sip_transaction.sbr
d:\pjsip\pjproject-2.8\pjsip\build\output\pjsip_core--win32-vc8-release-dynamic\sip_transport.sbr
d:\pjsip\pjproject-2.8\pjsip\build\output\pjsip_core--win32-vc8-release-dynamic\sip_transport_loop.sbr
d:\pjsip\pjproject-2.8\pjsip\build\output\pjsip_core--win32-vc8-release-dynamic\sip_transport_tcp.sbr
d:\pjsip\pjproject-2.8\pjsip\build\output\pjsip_core--win32-vc8-release-dynamic\sip_transport_tls.sbr
d:\pjsip\pjproject-2.8\pjsip\build\output\pjsip_core--win32-vc8-release-dynamic\sip_transport_udp.sbr
d:\pjsip\pjproject-2.8\pjsip\build\output\pjsip_core--win32-vc8-release-dynamic\sip_transport_udp.obj
d:\pjsip\pjproject-2.8\pjsip\build\output\pjsip_core--win32-vc8-release-dynamic\sip_transport_tls.obj
d:\pjsip\pjproject-2.8\pjsip\build\output\pjsip_core--win32-vc8-release-dynamic\sip_transport_tcp.obj
d:\pjsip\pjproject-2.8\pjsip\build\output\pjsip_core--win32-vc8-release-dynamic\sip_transport_loop.obj
d:\pjsip\pjproject-2.8\pjsip\build\output\pjsip_core--win32-vc8-release-dynamic\sip_transport.obj
d:\pjsip\pjproject-2.8\pjsip\build\output\pjsip_core--win32-vc8-release-dynamic\sip_transaction.obj
d:\pjsip\pjproject-2.8\pjsip\build\output\pjsip_core--win32-vc8-release-dynamic\sip_tel_uri.obj
d:\pjsip\pjproject-2.8\pjsip\build\output\pjsip_core--win32-vc8-release-dynamic\sip_resolve.obj
d:\pjsip\pjproject-2.8\pjsip\build\output\pjsip_core--win32-vc8-release-dynamic\sip_parser.obj
d:\pjsip\pjproject-2.8\pjsip\build\output\pjsip_core--win32-vc8-release-dynamic\sip_multipart.obj
d:\pjsip\pjproject-2.8\pjsip\build\output\pjsip_core--win32-vc8-release-dynamic\sip_msg.obj
d:\pjsip\pjproject-2.8\pjsip\build\output\pjsip_core--win32-vc8-release-dynamic\sip_errno.obj
d:\pjsip\pjproject-2.8\pjsip\build\output\pjsip_core--win32-vc8-release-dynamic\sip_endpoint.obj
d:\pjsip\pjproject-2.8\pjsip\build\output\pjsip_core--win32-vc8-release-dynamic\sip_dialog.obj
d:\pjsip\pjproject-2.8\pjsip\build\output\pjsip_core--win32-vc8-release-dynamic\sip_config.obj
d:\pjsip\pjproject-2.8\pjsip\build\output\pjsip_core--win32-vc8-release-dynamic\sip_auth_server.obj
d:\pjsip\pjproject-2.8\pjsip\build\output\pjsip_core--win32-vc8-release-dynamic\sip_auth_parser.obj
d:\pjsip\pjproject-2.8\pjsip\build\output\pjsip_core--win32-vc8-release-dynamic\sip_auth_msg.obj
d:\pjsip\pjproject-2.8\pjsip\build\output\pjsip_core--win32-vc8-release-dynamic\sip_auth_client.obj
d:\pjsip\pjproject-2.8\pjsip\build\output\pjsip_core--win32-vc8-release-dynamic\sip_auth_aka.obj
d:\pjsip\pjproject-2.8\pjsip\build\output\pjsip_core--win32-vc8-release-dynamic\sip_ua_layer.sbr
d:\pjsip\pjproject-2.8\pjsip\build\output\pjsip_core--win32-vc8-release-dynamic\sip_uri.sbr
d:\pjsip\pjproject-2.8\pjsip\build\output\pjsip_core--win32-vc8-release-dynamic\sip_util.sbr
d:\pjsip\pjproject-2.8\pjsip\build\output\pjsip_core--win32-vc8-release-dynamic\sip_util_proxy.sbr
d:\pjsip\pjproject-2.8\pjsip\build\output\pjsip_core--win32-vc8-release-dynamic\sip_util_statefull.sbr
d:\pjsip\pjproject-2.8\pjsip\build\output\pjsip_core--win32-vc8-release-dynamic\sip_util_statefull.obj
d:\pjsip\pjproject-2.8\pjsip\build\output\pjsip_core--win32-vc8-release-dynamic\sip_util_proxy.obj
d:\pjsip\pjproject-2.8\pjsip\build\output\pjsip_core--win32-vc8-release-dynamic\sip_util.obj
d:\pjsip\pjproject-2.8\pjsip\build\output\pjsip_core--win32-vc8-release-dynamic\sip_uri.obj
d:\pjsip\pjproject-2.8\pjsip\build\output\pjsip_core--win32-vc8-release-dynamic\sip_ua_layer.obj
d:\pjsip\pjproject-2.8\pjsip\lib\pjsip-core-i386-win32-vc8-release-dynamic.lib
d:\pjsip\pjproject-2.8\pjsip\build\output\pjsip_core--win32-vc8-release-dynamic\pjsip_core.tlog\bscmake.command.1.tlog
d:\pjsip\pjproject-2.8\pjsip\build\output\pjsip_core--win32-vc8-release-dynamic\pjsip_core.tlog\bscmake.read.1.tlog
d:\pjsip\pjproject-2.8\pjsip\build\output\pjsip_core--win32-vc8-release-dynamic\pjsip_core.tlog\bscmake.write.1.tlog
d:\pjsip\pjproject-2.8\pjsip\build\output\pjsip_core--win32-vc8-release-dynamic\pjsip_core.tlog\cl.command.1.tlog
d:\pjsip\pjproject-2.8\pjsip\build\output\pjsip_core--win32-vc8-release-dynamic\pjsip_core.tlog\cl.read.1.tlog
d:\pjsip\pjproject-2.8\pjsip\build\output\pjsip_core--win32-vc8-release-dynamic\pjsip_core.tlog\cl.write.1.tlog
d:\pjsip\pjproject-2.8\pjsip\build\output\pjsip_core--win32-vc8-release-dynamic\pjsip_core.tlog\lib-link.read.1.tlog
d:\pjsip\pjproject-2.8\pjsip\build\output\pjsip_core--win32-vc8-release-dynamic\pjsip_core.tlog\lib-link.write.1.tlog
d:\pjsip\pjproject-2.8\pjsip\build\output\pjsip_core--win32-vc8-release-dynamic\pjsip_core.tlog\lib.command.1.tlog
