d:\pjsip\pjproject-2.8\pjmedia\build\output\pjmedia_audiodev--win32-vc8-release-dynamic\pjmedia_audiodev.bsc
d:\pjsip\pjproject-2.8\pjmedia\build\output\pjmedia_audiodev--win32-vc8-release-dynamic\pjmedia_audiodev.pdb
d:\pjsip\pjproject-2.8\pjmedia\build\output\pjmedia_audiodev--win32-vc8-release-dynamic\audiodev.sbr
d:\pjsip\pjproject-2.8\pjmedia\build\output\pjmedia_audiodev--win32-vc8-release-dynamic\audiotest.sbr
d:\pjsip\pjproject-2.8\pjmedia\build\output\pjmedia_audiodev--win32-vc8-release-dynamic\bdimad_dev.sbr
d:\pjsip\pjproject-2.8\pjmedia\build\output\pjmedia_audiodev--win32-vc8-release-dynamic\errno.sbr
d:\pjsip\pjproject-2.8\pjmedia\build\output\pjmedia_audiodev--win32-vc8-release-dynamic\legacy_dev.sbr
d:\pjsip\pjproject-2.8\pjmedia\build\output\pjmedia_audiodev--win32-vc8-release-dynamic\null_dev.sbr
d:\pjsip\pjproject-2.8\pjmedia\build\output\pjmedia_audiodev--win32-vc8-release-dynamic\pa_dev.sbr
d:\pjsip\pjproject-2.8\pjmedia\build\output\pjmedia_audiodev--win32-vc8-release-dynamic\wmme_dev.sbr
d:\pjsip\pjproject-2.8\pjmedia\build\output\pjmedia_audiodev--win32-vc8-release-dynamic\wmme_dev.obj
d:\pjsip\pjproject-2.8\pjmedia\build\output\pjmedia_audiodev--win32-vc8-release-dynamic\pa_dev.obj
d:\pjsip\pjproject-2.8\pjmedia\build\output\pjmedia_audiodev--win32-vc8-release-dynamic\null_dev.obj
d:\pjsip\pjproject-2.8\pjmedia\build\output\pjmedia_audiodev--win32-vc8-release-dynamic\legacy_dev.obj
d:\pjsip\pjproject-2.8\pjmedia\build\output\pjmedia_audiodev--win32-vc8-release-dynamic\errno.obj
d:\pjsip\pjproject-2.8\pjmedia\build\output\pjmedia_audiodev--win32-vc8-release-dynamic\bdimad_dev.obj
d:\pjsip\pjproject-2.8\pjmedia\build\output\pjmedia_audiodev--win32-vc8-release-dynamic\audiotest.obj
d:\pjsip\pjproject-2.8\pjmedia\build\output\pjmedia_audiodev--win32-vc8-release-dynamic\audiodev.obj
d:\pjsip\pjproject-2.8\pjmedia\lib\pjmedia-audiodev-i386-win32-vc8-release-dynamic.lib
d:\pjsip\pjproject-2.8\pjmedia\build\output\pjmedia_audiodev--win32-vc8-release-dynamic\pjmedia_audiodev.tlog\bscmake.command.1.tlog
d:\pjsip\pjproject-2.8\pjmedia\build\output\pjmedia_audiodev--win32-vc8-release-dynamic\pjmedia_audiodev.tlog\bscmake.read.1.tlog
d:\pjsip\pjproject-2.8\pjmedia\build\output\pjmedia_audiodev--win32-vc8-release-dynamic\pjmedia_audiodev.tlog\bscmake.write.1.tlog
d:\pjsip\pjproject-2.8\pjmedia\build\output\pjmedia_audiodev--win32-vc8-release-dynamic\pjmedia_audiodev.tlog\cl.command.1.tlog
d:\pjsip\pjproject-2.8\pjmedia\build\output\pjmedia_audiodev--win32-vc8-release-dynamic\pjmedia_audiodev.tlog\cl.read.1.tlog
d:\pjsip\pjproject-2.8\pjmedia\build\output\pjmedia_audiodev--win32-vc8-release-dynamic\pjmedia_audiodev.tlog\cl.write.1.tlog
d:\pjsip\pjproject-2.8\pjmedia\build\output\pjmedia_audiodev--win32-vc8-release-dynamic\pjmedia_audiodev.tlog\lib-link.read.1.tlog
d:\pjsip\pjproject-2.8\pjmedia\build\output\pjmedia_audiodev--win32-vc8-release-dynamic\pjmedia_audiodev.tlog\lib-link.write.1.tlog
d:\pjsip\pjproject-2.8\pjmedia\build\output\pjmedia_audiodev--win32-vc8-release-dynamic\pjmedia_audiodev.tlog\lib.command.1.tlog
