  alaw_ulaw.c
  alaw_ulaw_table.c
  audiodev.c
  avi_player.c
  bidirectional.c
  clock_thread.c
  codec.c
  conference.c
  conf_switch.c
  converter.c
  converter_libswscale.c
  converter_libyuv.c
  delaybuf.c
  echo_common.c
  echo_port.c
  echo_speex.c
  echo_suppress.c
  echo_webrtc.c
  endpoint.c
  errno.c
  コードを生成中...
  コンパイル中...
  event.c
  ffmpeg_util.c
  format.c
  g711.c
  jbuf.c
  master_port.c
  mem_capture.c
  mem_player.c
  null_port.c
  plc_common.c
  port.c
  resample_libsamplerate.c
  resample_port.c
  resample_resample.c
  resample_speex.c
  rtcp.c
  rtcp_fb.c
  rtcp_xr.c
  rtp.c
  sdp.c
d:\pjsip\pjproject-2.8\pjmedia\src\pjmedia\sdp.c(509): warning C4457: 'attr' を宣言すると、関数パラメーターが隠蔽されます
  d:\pjsip\pjproject-2.8\pjmedia\src\pjmedia\sdp.c(478): note: 'attr' の宣言を確認してください
d:\pjsip\pjproject-2.8\pjmedia\src\pjmedia\sdp.c(1100): warning C4102: 'TODO___PARSE_SDP_CONN_ADDRESS_SUBFIELDS': ラベルは 1 度も参照されません。
  コードを生成中...
  コンパイル中...
  sdp_cmp.c
  sdp_neg.c
d:\pjsip\pjproject-2.8\pjmedia\src\pjmedia\sdp_neg.c(747): warning C4102: 'TODO___CHECK_SDP_NEGOTIATION_WHEN_ASYMETRIC_MEDIA_IS_ALLOWED': ラベルは 1 度も参照されません。
  silencedet.c
  sound_legacy.c
  sound_port.c
  splitcomb.c
  stereo_port.c
  stream.c
  stream_common.c
  stream_info.c
  tonegen.c
  transport_adapter_sample.c
  transport_ice.c
d:\pjsip\pjproject-2.8\pjmedia\src\pjmedia\transport_ice.c(769): warning C4456: 'attr' を宣言すると、以前のローカル宣言が隠蔽されます
  d:\pjsip\pjproject-2.8\pjmedia\src\pjmedia\transport_ice.c(519): note: 'attr' の宣言を確認してください
  transport_loop.c
  transport_srtp.c
  transport_udp.c
  types.c
  videodev.c
  vid_codec.c
  vid_codec_util.c
  コードを生成中...
  コンパイル中...
  vid_port.c
  vid_stream.c
  vid_stream_info.c
  vid_tee.c
  wave.c
  wav_player.c
  wav_playlist.c
  wav_writer.c
  wsola.c
  コードを生成中...
C:\Program Files (x86)\Microsoft Visual Studio\2017\Community\Common7\IDE\VC\VCTargets\Microsoft.CppBuild.targets(1397,5): warning MSB8012: TargetPath(D:\pjsip\pjproject-2.8\pjmedia\build\.\output\pjmedia--Win32-vc8-Release-Dynamic\pjmedia.lib) が Library の OutputFile プロパティ値 (D:\pjsip\pjproject-2.8\pjmedia\lib\pjmedia-i386-Win32-vc8-Release-Dynamic.lib) と一致しません。このため、プロジェクトが正常にビルドされない可能性があります。この問題を解決するには、$(OutDir)、$(TargetName)、および $(TargetExt) の各プロパティ値が、%(Lib.OutputFile) で指定されている値と一致することを確認してください。
C:\Program Files (x86)\Microsoft Visual Studio\2017\Community\Common7\IDE\VC\VCTargets\Microsoft.CppBuild.targets(1399,5): warning MSB8012: TargetName(pjmedia) が Library の OutputFile プロパティ値 (pjmedia-i386-Win32-vc8-Release-Dynamic) と一致しません。このため、プロジェクトが正常にビルドされない可能性があります。この問題を解決するには、$(OutDir)、$(TargetName)、および $(TargetExt) の各プロパティ値が、%(Lib.OutputFile) で指定されている値と一致することを確認してください。
  pjmedia.vcxproj -> D:\pjsip\pjproject-2.8\pjmedia\build\.\output\pjmedia--Win32-vc8-Release-Dynamic\pjmedia.lib
