d:\pjsip\pjproject-2.8\pjmedia\build\output\pjmedia--win32-vc8-release-dynamic\pjmedia.bsc
d:\pjsip\pjproject-2.8\pjmedia\build\output\pjmedia--win32-vc8-release-dynamic\pjmedia.pdb
d:\pjsip\pjproject-2.8\pjmedia\build\output\pjmedia--win32-vc8-release-dynamic\alaw_ulaw.sbr
d:\pjsip\pjproject-2.8\pjmedia\build\output\pjmedia--win32-vc8-release-dynamic\alaw_ulaw_table.sbr
d:\pjsip\pjproject-2.8\pjmedia\build\output\pjmedia--win32-vc8-release-dynamic\audiodev.sbr
d:\pjsip\pjproject-2.8\pjmedia\build\output\pjmedia--win32-vc8-release-dynamic\avi_player.sbr
d:\pjsip\pjproject-2.8\pjmedia\build\output\pjmedia--win32-vc8-release-dynamic\bidirectional.sbr
d:\pjsip\pjproject-2.8\pjmedia\build\output\pjmedia--win32-vc8-release-dynamic\clock_thread.sbr
d:\pjsip\pjproject-2.8\pjmedia\build\output\pjmedia--win32-vc8-release-dynamic\codec.sbr
d:\pjsip\pjproject-2.8\pjmedia\build\output\pjmedia--win32-vc8-release-dynamic\conference.sbr
d:\pjsip\pjproject-2.8\pjmedia\build\output\pjmedia--win32-vc8-release-dynamic\conf_switch.sbr
d:\pjsip\pjproject-2.8\pjmedia\build\output\pjmedia--win32-vc8-release-dynamic\converter.sbr
d:\pjsip\pjproject-2.8\pjmedia\build\output\pjmedia--win32-vc8-release-dynamic\converter_libswscale.sbr
d:\pjsip\pjproject-2.8\pjmedia\build\output\pjmedia--win32-vc8-release-dynamic\converter_libyuv.sbr
d:\pjsip\pjproject-2.8\pjmedia\build\output\pjmedia--win32-vc8-release-dynamic\delaybuf.sbr
d:\pjsip\pjproject-2.8\pjmedia\build\output\pjmedia--win32-vc8-release-dynamic\echo_common.sbr
d:\pjsip\pjproject-2.8\pjmedia\build\output\pjmedia--win32-vc8-release-dynamic\echo_port.sbr
d:\pjsip\pjproject-2.8\pjmedia\build\output\pjmedia--win32-vc8-release-dynamic\echo_speex.sbr
d:\pjsip\pjproject-2.8\pjmedia\build\output\pjmedia--win32-vc8-release-dynamic\echo_suppress.sbr
d:\pjsip\pjproject-2.8\pjmedia\build\output\pjmedia--win32-vc8-release-dynamic\echo_webrtc.sbr
d:\pjsip\pjproject-2.8\pjmedia\build\output\pjmedia--win32-vc8-release-dynamic\endpoint.sbr
d:\pjsip\pjproject-2.8\pjmedia\build\output\pjmedia--win32-vc8-release-dynamic\errno.sbr
d:\pjsip\pjproject-2.8\pjmedia\build\output\pjmedia--win32-vc8-release-dynamic\errno.obj
d:\pjsip\pjproject-2.8\pjmedia\build\output\pjmedia--win32-vc8-release-dynamic\endpoint.obj
d:\pjsip\pjproject-2.8\pjmedia\build\output\pjmedia--win32-vc8-release-dynamic\echo_webrtc.obj
d:\pjsip\pjproject-2.8\pjmedia\build\output\pjmedia--win32-vc8-release-dynamic\echo_suppress.obj
d:\pjsip\pjproject-2.8\pjmedia\build\output\pjmedia--win32-vc8-release-dynamic\echo_speex.obj
d:\pjsip\pjproject-2.8\pjmedia\build\output\pjmedia--win32-vc8-release-dynamic\echo_port.obj
d:\pjsip\pjproject-2.8\pjmedia\build\output\pjmedia--win32-vc8-release-dynamic\echo_common.obj
d:\pjsip\pjproject-2.8\pjmedia\build\output\pjmedia--win32-vc8-release-dynamic\delaybuf.obj
d:\pjsip\pjproject-2.8\pjmedia\build\output\pjmedia--win32-vc8-release-dynamic\converter_libyuv.obj
d:\pjsip\pjproject-2.8\pjmedia\build\output\pjmedia--win32-vc8-release-dynamic\converter_libswscale.obj
d:\pjsip\pjproject-2.8\pjmedia\build\output\pjmedia--win32-vc8-release-dynamic\converter.obj
d:\pjsip\pjproject-2.8\pjmedia\build\output\pjmedia--win32-vc8-release-dynamic\conf_switch.obj
d:\pjsip\pjproject-2.8\pjmedia\build\output\pjmedia--win32-vc8-release-dynamic\conference.obj
d:\pjsip\pjproject-2.8\pjmedia\build\output\pjmedia--win32-vc8-release-dynamic\codec.obj
d:\pjsip\pjproject-2.8\pjmedia\build\output\pjmedia--win32-vc8-release-dynamic\clock_thread.obj
d:\pjsip\pjproject-2.8\pjmedia\build\output\pjmedia--win32-vc8-release-dynamic\bidirectional.obj
d:\pjsip\pjproject-2.8\pjmedia\build\output\pjmedia--win32-vc8-release-dynamic\avi_player.obj
d:\pjsip\pjproject-2.8\pjmedia\build\output\pjmedia--win32-vc8-release-dynamic\audiodev.obj
d:\pjsip\pjproject-2.8\pjmedia\build\output\pjmedia--win32-vc8-release-dynamic\alaw_ulaw_table.obj
d:\pjsip\pjproject-2.8\pjmedia\build\output\pjmedia--win32-vc8-release-dynamic\alaw_ulaw.obj
d:\pjsip\pjproject-2.8\pjmedia\build\output\pjmedia--win32-vc8-release-dynamic\event.sbr
d:\pjsip\pjproject-2.8\pjmedia\build\output\pjmedia--win32-vc8-release-dynamic\ffmpeg_util.sbr
d:\pjsip\pjproject-2.8\pjmedia\build\output\pjmedia--win32-vc8-release-dynamic\format.sbr
d:\pjsip\pjproject-2.8\pjmedia\build\output\pjmedia--win32-vc8-release-dynamic\g711.sbr
d:\pjsip\pjproject-2.8\pjmedia\build\output\pjmedia--win32-vc8-release-dynamic\jbuf.sbr
d:\pjsip\pjproject-2.8\pjmedia\build\output\pjmedia--win32-vc8-release-dynamic\master_port.sbr
d:\pjsip\pjproject-2.8\pjmedia\build\output\pjmedia--win32-vc8-release-dynamic\mem_capture.sbr
d:\pjsip\pjproject-2.8\pjmedia\build\output\pjmedia--win32-vc8-release-dynamic\mem_player.sbr
d:\pjsip\pjproject-2.8\pjmedia\build\output\pjmedia--win32-vc8-release-dynamic\null_port.sbr
d:\pjsip\pjproject-2.8\pjmedia\build\output\pjmedia--win32-vc8-release-dynamic\plc_common.sbr
d:\pjsip\pjproject-2.8\pjmedia\build\output\pjmedia--win32-vc8-release-dynamic\port.sbr
d:\pjsip\pjproject-2.8\pjmedia\build\output\pjmedia--win32-vc8-release-dynamic\resample_libsamplerate.sbr
d:\pjsip\pjproject-2.8\pjmedia\build\output\pjmedia--win32-vc8-release-dynamic\resample_port.sbr
d:\pjsip\pjproject-2.8\pjmedia\build\output\pjmedia--win32-vc8-release-dynamic\resample_resample.sbr
d:\pjsip\pjproject-2.8\pjmedia\build\output\pjmedia--win32-vc8-release-dynamic\resample_speex.sbr
d:\pjsip\pjproject-2.8\pjmedia\build\output\pjmedia--win32-vc8-release-dynamic\rtcp.sbr
d:\pjsip\pjproject-2.8\pjmedia\build\output\pjmedia--win32-vc8-release-dynamic\rtcp_fb.sbr
d:\pjsip\pjproject-2.8\pjmedia\build\output\pjmedia--win32-vc8-release-dynamic\rtcp_xr.sbr
d:\pjsip\pjproject-2.8\pjmedia\build\output\pjmedia--win32-vc8-release-dynamic\rtp.sbr
d:\pjsip\pjproject-2.8\pjmedia\build\output\pjmedia--win32-vc8-release-dynamic\sdp.sbr
d:\pjsip\pjproject-2.8\pjmedia\build\output\pjmedia--win32-vc8-release-dynamic\sdp.obj
d:\pjsip\pjproject-2.8\pjmedia\build\output\pjmedia--win32-vc8-release-dynamic\rtp.obj
d:\pjsip\pjproject-2.8\pjmedia\build\output\pjmedia--win32-vc8-release-dynamic\rtcp_xr.obj
d:\pjsip\pjproject-2.8\pjmedia\build\output\pjmedia--win32-vc8-release-dynamic\rtcp_fb.obj
d:\pjsip\pjproject-2.8\pjmedia\build\output\pjmedia--win32-vc8-release-dynamic\rtcp.obj
d:\pjsip\pjproject-2.8\pjmedia\build\output\pjmedia--win32-vc8-release-dynamic\resample_speex.obj
d:\pjsip\pjproject-2.8\pjmedia\build\output\pjmedia--win32-vc8-release-dynamic\resample_resample.obj
d:\pjsip\pjproject-2.8\pjmedia\build\output\pjmedia--win32-vc8-release-dynamic\resample_port.obj
d:\pjsip\pjproject-2.8\pjmedia\build\output\pjmedia--win32-vc8-release-dynamic\resample_libsamplerate.obj
d:\pjsip\pjproject-2.8\pjmedia\build\output\pjmedia--win32-vc8-release-dynamic\port.obj
d:\pjsip\pjproject-2.8\pjmedia\build\output\pjmedia--win32-vc8-release-dynamic\plc_common.obj
d:\pjsip\pjproject-2.8\pjmedia\build\output\pjmedia--win32-vc8-release-dynamic\null_port.obj
d:\pjsip\pjproject-2.8\pjmedia\build\output\pjmedia--win32-vc8-release-dynamic\mem_player.obj
d:\pjsip\pjproject-2.8\pjmedia\build\output\pjmedia--win32-vc8-release-dynamic\mem_capture.obj
d:\pjsip\pjproject-2.8\pjmedia\build\output\pjmedia--win32-vc8-release-dynamic\master_port.obj
d:\pjsip\pjproject-2.8\pjmedia\build\output\pjmedia--win32-vc8-release-dynamic\jbuf.obj
d:\pjsip\pjproject-2.8\pjmedia\build\output\pjmedia--win32-vc8-release-dynamic\g711.obj
d:\pjsip\pjproject-2.8\pjmedia\build\output\pjmedia--win32-vc8-release-dynamic\format.obj
d:\pjsip\pjproject-2.8\pjmedia\build\output\pjmedia--win32-vc8-release-dynamic\ffmpeg_util.obj
d:\pjsip\pjproject-2.8\pjmedia\build\output\pjmedia--win32-vc8-release-dynamic\event.obj
d:\pjsip\pjproject-2.8\pjmedia\build\output\pjmedia--win32-vc8-release-dynamic\sdp_cmp.sbr
d:\pjsip\pjproject-2.8\pjmedia\build\output\pjmedia--win32-vc8-release-dynamic\sdp_neg.sbr
d:\pjsip\pjproject-2.8\pjmedia\build\output\pjmedia--win32-vc8-release-dynamic\silencedet.sbr
d:\pjsip\pjproject-2.8\pjmedia\build\output\pjmedia--win32-vc8-release-dynamic\sound_legacy.sbr
d:\pjsip\pjproject-2.8\pjmedia\build\output\pjmedia--win32-vc8-release-dynamic\sound_port.sbr
d:\pjsip\pjproject-2.8\pjmedia\build\output\pjmedia--win32-vc8-release-dynamic\splitcomb.sbr
d:\pjsip\pjproject-2.8\pjmedia\build\output\pjmedia--win32-vc8-release-dynamic\stereo_port.sbr
d:\pjsip\pjproject-2.8\pjmedia\build\output\pjmedia--win32-vc8-release-dynamic\stream.sbr
d:\pjsip\pjproject-2.8\pjmedia\build\output\pjmedia--win32-vc8-release-dynamic\stream_common.sbr
d:\pjsip\pjproject-2.8\pjmedia\build\output\pjmedia--win32-vc8-release-dynamic\stream_info.sbr
d:\pjsip\pjproject-2.8\pjmedia\build\output\pjmedia--win32-vc8-release-dynamic\tonegen.sbr
d:\pjsip\pjproject-2.8\pjmedia\build\output\pjmedia--win32-vc8-release-dynamic\transport_adapter_sample.sbr
d:\pjsip\pjproject-2.8\pjmedia\build\output\pjmedia--win32-vc8-release-dynamic\transport_ice.sbr
d:\pjsip\pjproject-2.8\pjmedia\build\output\pjmedia--win32-vc8-release-dynamic\transport_loop.sbr
d:\pjsip\pjproject-2.8\pjmedia\build\output\pjmedia--win32-vc8-release-dynamic\transport_srtp.sbr
d:\pjsip\pjproject-2.8\pjmedia\build\output\pjmedia--win32-vc8-release-dynamic\transport_udp.sbr
d:\pjsip\pjproject-2.8\pjmedia\build\output\pjmedia--win32-vc8-release-dynamic\types.sbr
d:\pjsip\pjproject-2.8\pjmedia\build\output\pjmedia--win32-vc8-release-dynamic\videodev.sbr
d:\pjsip\pjproject-2.8\pjmedia\build\output\pjmedia--win32-vc8-release-dynamic\vid_codec.sbr
d:\pjsip\pjproject-2.8\pjmedia\build\output\pjmedia--win32-vc8-release-dynamic\vid_codec_util.sbr
d:\pjsip\pjproject-2.8\pjmedia\build\output\pjmedia--win32-vc8-release-dynamic\vid_codec_util.obj
d:\pjsip\pjproject-2.8\pjmedia\build\output\pjmedia--win32-vc8-release-dynamic\vid_codec.obj
d:\pjsip\pjproject-2.8\pjmedia\build\output\pjmedia--win32-vc8-release-dynamic\videodev.obj
d:\pjsip\pjproject-2.8\pjmedia\build\output\pjmedia--win32-vc8-release-dynamic\types.obj
d:\pjsip\pjproject-2.8\pjmedia\build\output\pjmedia--win32-vc8-release-dynamic\transport_udp.obj
d:\pjsip\pjproject-2.8\pjmedia\build\output\pjmedia--win32-vc8-release-dynamic\transport_srtp.obj
d:\pjsip\pjproject-2.8\pjmedia\build\output\pjmedia--win32-vc8-release-dynamic\transport_loop.obj
d:\pjsip\pjproject-2.8\pjmedia\build\output\pjmedia--win32-vc8-release-dynamic\transport_ice.obj
d:\pjsip\pjproject-2.8\pjmedia\build\output\pjmedia--win32-vc8-release-dynamic\transport_adapter_sample.obj
d:\pjsip\pjproject-2.8\pjmedia\build\output\pjmedia--win32-vc8-release-dynamic\tonegen.obj
d:\pjsip\pjproject-2.8\pjmedia\build\output\pjmedia--win32-vc8-release-dynamic\stream_info.obj
d:\pjsip\pjproject-2.8\pjmedia\build\output\pjmedia--win32-vc8-release-dynamic\stream_common.obj
d:\pjsip\pjproject-2.8\pjmedia\build\output\pjmedia--win32-vc8-release-dynamic\stream.obj
d:\pjsip\pjproject-2.8\pjmedia\build\output\pjmedia--win32-vc8-release-dynamic\stereo_port.obj
d:\pjsip\pjproject-2.8\pjmedia\build\output\pjmedia--win32-vc8-release-dynamic\splitcomb.obj
d:\pjsip\pjproject-2.8\pjmedia\build\output\pjmedia--win32-vc8-release-dynamic\sound_port.obj
d:\pjsip\pjproject-2.8\pjmedia\build\output\pjmedia--win32-vc8-release-dynamic\sound_legacy.obj
d:\pjsip\pjproject-2.8\pjmedia\build\output\pjmedia--win32-vc8-release-dynamic\silencedet.obj
d:\pjsip\pjproject-2.8\pjmedia\build\output\pjmedia--win32-vc8-release-dynamic\sdp_neg.obj
d:\pjsip\pjproject-2.8\pjmedia\build\output\pjmedia--win32-vc8-release-dynamic\sdp_cmp.obj
d:\pjsip\pjproject-2.8\pjmedia\build\output\pjmedia--win32-vc8-release-dynamic\vid_port.sbr
d:\pjsip\pjproject-2.8\pjmedia\build\output\pjmedia--win32-vc8-release-dynamic\vid_stream.sbr
d:\pjsip\pjproject-2.8\pjmedia\build\output\pjmedia--win32-vc8-release-dynamic\vid_stream_info.sbr
d:\pjsip\pjproject-2.8\pjmedia\build\output\pjmedia--win32-vc8-release-dynamic\vid_tee.sbr
d:\pjsip\pjproject-2.8\pjmedia\build\output\pjmedia--win32-vc8-release-dynamic\wave.sbr
d:\pjsip\pjproject-2.8\pjmedia\build\output\pjmedia--win32-vc8-release-dynamic\wav_player.sbr
d:\pjsip\pjproject-2.8\pjmedia\build\output\pjmedia--win32-vc8-release-dynamic\wav_playlist.sbr
d:\pjsip\pjproject-2.8\pjmedia\build\output\pjmedia--win32-vc8-release-dynamic\wav_writer.sbr
d:\pjsip\pjproject-2.8\pjmedia\build\output\pjmedia--win32-vc8-release-dynamic\wsola.sbr
d:\pjsip\pjproject-2.8\pjmedia\build\output\pjmedia--win32-vc8-release-dynamic\wsola.obj
d:\pjsip\pjproject-2.8\pjmedia\build\output\pjmedia--win32-vc8-release-dynamic\wav_writer.obj
d:\pjsip\pjproject-2.8\pjmedia\build\output\pjmedia--win32-vc8-release-dynamic\wav_playlist.obj
d:\pjsip\pjproject-2.8\pjmedia\build\output\pjmedia--win32-vc8-release-dynamic\wav_player.obj
d:\pjsip\pjproject-2.8\pjmedia\build\output\pjmedia--win32-vc8-release-dynamic\wave.obj
d:\pjsip\pjproject-2.8\pjmedia\build\output\pjmedia--win32-vc8-release-dynamic\vid_tee.obj
d:\pjsip\pjproject-2.8\pjmedia\build\output\pjmedia--win32-vc8-release-dynamic\vid_stream_info.obj
d:\pjsip\pjproject-2.8\pjmedia\build\output\pjmedia--win32-vc8-release-dynamic\vid_stream.obj
d:\pjsip\pjproject-2.8\pjmedia\build\output\pjmedia--win32-vc8-release-dynamic\vid_port.obj
d:\pjsip\pjproject-2.8\pjmedia\lib\pjmedia-i386-win32-vc8-release-dynamic.lib
d:\pjsip\pjproject-2.8\pjmedia\build\output\pjmedia--win32-vc8-release-dynamic\pjmedia.tlog\bscmake.command.1.tlog
d:\pjsip\pjproject-2.8\pjmedia\build\output\pjmedia--win32-vc8-release-dynamic\pjmedia.tlog\bscmake.read.1.tlog
d:\pjsip\pjproject-2.8\pjmedia\build\output\pjmedia--win32-vc8-release-dynamic\pjmedia.tlog\bscmake.write.1.tlog
d:\pjsip\pjproject-2.8\pjmedia\build\output\pjmedia--win32-vc8-release-dynamic\pjmedia.tlog\cl.command.1.tlog
d:\pjsip\pjproject-2.8\pjmedia\build\output\pjmedia--win32-vc8-release-dynamic\pjmedia.tlog\cl.read.1.tlog
d:\pjsip\pjproject-2.8\pjmedia\build\output\pjmedia--win32-vc8-release-dynamic\pjmedia.tlog\cl.write.1.tlog
d:\pjsip\pjproject-2.8\pjmedia\build\output\pjmedia--win32-vc8-release-dynamic\pjmedia.tlog\lib-link.read.1.tlog
d:\pjsip\pjproject-2.8\pjmedia\build\output\pjmedia--win32-vc8-release-dynamic\pjmedia.tlog\lib-link.write.1.tlog
d:\pjsip\pjproject-2.8\pjmedia\build\output\pjmedia--win32-vc8-release-dynamic\pjmedia.tlog\lib.command.1.tlog
