d:\pjsip\pjproject-2.8\pjnath\build\output\pjnath--win32-vc8-release-dynamic\pjnath.bsc
d:\pjsip\pjproject-2.8\pjnath\build\output\pjnath--win32-vc8-release-dynamic\pjnath.pdb
d:\pjsip\pjproject-2.8\pjnath\build\output\pjnath--win32-vc8-release-dynamic\errno.sbr
d:\pjsip\pjproject-2.8\pjnath\build\output\pjnath--win32-vc8-release-dynamic\ice_session.sbr
d:\pjsip\pjproject-2.8\pjnath\build\output\pjnath--win32-vc8-release-dynamic\ice_strans.sbr
d:\pjsip\pjproject-2.8\pjnath\build\output\pjnath--win32-vc8-release-dynamic\nat_detect.sbr
d:\pjsip\pjproject-2.8\pjnath\build\output\pjnath--win32-vc8-release-dynamic\stun_auth.sbr
d:\pjsip\pjproject-2.8\pjnath\build\output\pjnath--win32-vc8-release-dynamic\stun_msg.sbr
d:\pjsip\pjproject-2.8\pjnath\build\output\pjnath--win32-vc8-release-dynamic\stun_msg_dump.sbr
d:\pjsip\pjproject-2.8\pjnath\build\output\pjnath--win32-vc8-release-dynamic\stun_session.sbr
d:\pjsip\pjproject-2.8\pjnath\build\output\pjnath--win32-vc8-release-dynamic\stun_sock.sbr
d:\pjsip\pjproject-2.8\pjnath\build\output\pjnath--win32-vc8-release-dynamic\stun_transaction.sbr
d:\pjsip\pjproject-2.8\pjnath\build\output\pjnath--win32-vc8-release-dynamic\turn_session.sbr
d:\pjsip\pjproject-2.8\pjnath\build\output\pjnath--win32-vc8-release-dynamic\turn_sock.sbr
d:\pjsip\pjproject-2.8\pjnath\build\output\pjnath--win32-vc8-release-dynamic\turn_sock.obj
d:\pjsip\pjproject-2.8\pjnath\build\output\pjnath--win32-vc8-release-dynamic\turn_session.obj
d:\pjsip\pjproject-2.8\pjnath\build\output\pjnath--win32-vc8-release-dynamic\stun_transaction.obj
d:\pjsip\pjproject-2.8\pjnath\build\output\pjnath--win32-vc8-release-dynamic\stun_sock.obj
d:\pjsip\pjproject-2.8\pjnath\build\output\pjnath--win32-vc8-release-dynamic\stun_session.obj
d:\pjsip\pjproject-2.8\pjnath\build\output\pjnath--win32-vc8-release-dynamic\stun_msg_dump.obj
d:\pjsip\pjproject-2.8\pjnath\build\output\pjnath--win32-vc8-release-dynamic\stun_msg.obj
d:\pjsip\pjproject-2.8\pjnath\build\output\pjnath--win32-vc8-release-dynamic\stun_auth.obj
d:\pjsip\pjproject-2.8\pjnath\build\output\pjnath--win32-vc8-release-dynamic\nat_detect.obj
d:\pjsip\pjproject-2.8\pjnath\build\output\pjnath--win32-vc8-release-dynamic\ice_strans.obj
d:\pjsip\pjproject-2.8\pjnath\build\output\pjnath--win32-vc8-release-dynamic\ice_session.obj
d:\pjsip\pjproject-2.8\pjnath\build\output\pjnath--win32-vc8-release-dynamic\errno.obj
d:\pjsip\pjproject-2.8\pjnath\lib\pjnath-i386-win32-vc8-release-dynamic.lib
d:\pjsip\pjproject-2.8\pjnath\build\output\pjnath--win32-vc8-release-dynamic\pjnath.tlog\bscmake.command.1.tlog
d:\pjsip\pjproject-2.8\pjnath\build\output\pjnath--win32-vc8-release-dynamic\pjnath.tlog\bscmake.read.1.tlog
d:\pjsip\pjproject-2.8\pjnath\build\output\pjnath--win32-vc8-release-dynamic\pjnath.tlog\bscmake.write.1.tlog
d:\pjsip\pjproject-2.8\pjnath\build\output\pjnath--win32-vc8-release-dynamic\pjnath.tlog\cl.command.1.tlog
d:\pjsip\pjproject-2.8\pjnath\build\output\pjnath--win32-vc8-release-dynamic\pjnath.tlog\cl.read.1.tlog
d:\pjsip\pjproject-2.8\pjnath\build\output\pjnath--win32-vc8-release-dynamic\pjnath.tlog\cl.write.1.tlog
d:\pjsip\pjproject-2.8\pjnath\build\output\pjnath--win32-vc8-release-dynamic\pjnath.tlog\lib-link.read.1.tlog
d:\pjsip\pjproject-2.8\pjnath\build\output\pjnath--win32-vc8-release-dynamic\pjnath.tlog\lib-link.write.1.tlog
d:\pjsip\pjproject-2.8\pjnath\build\output\pjnath--win32-vc8-release-dynamic\pjnath.tlog\lib.command.1.tlog
