d:\pjsip\pjproject-2.8\pjsip\build\output\pjsip_simple--win32-vc8-release-dynamic\pjsip_simple.bsc
d:\pjsip\pjproject-2.8\pjsip\build\output\pjsip_simple--win32-vc8-release-dynamic\pjsip_simple.pdb
d:\pjsip\pjproject-2.8\pjsip\build\output\pjsip_simple--win32-vc8-release-dynamic\errno.sbr
d:\pjsip\pjproject-2.8\pjsip\build\output\pjsip_simple--win32-vc8-release-dynamic\evsub.sbr
d:\pjsip\pjproject-2.8\pjsip\build\output\pjsip_simple--win32-vc8-release-dynamic\evsub_msg.sbr
d:\pjsip\pjproject-2.8\pjsip\build\output\pjsip_simple--win32-vc8-release-dynamic\iscomposing.sbr
d:\pjsip\pjproject-2.8\pjsip\build\output\pjsip_simple--win32-vc8-release-dynamic\mwi.sbr
d:\pjsip\pjproject-2.8\pjsip\build\output\pjsip_simple--win32-vc8-release-dynamic\pidf.sbr
d:\pjsip\pjproject-2.8\pjsip\build\output\pjsip_simple--win32-vc8-release-dynamic\presence.sbr
d:\pjsip\pjproject-2.8\pjsip\build\output\pjsip_simple--win32-vc8-release-dynamic\presence_body.sbr
d:\pjsip\pjproject-2.8\pjsip\build\output\pjsip_simple--win32-vc8-release-dynamic\publishc.sbr
d:\pjsip\pjproject-2.8\pjsip\build\output\pjsip_simple--win32-vc8-release-dynamic\rpid.sbr
d:\pjsip\pjproject-2.8\pjsip\build\output\pjsip_simple--win32-vc8-release-dynamic\xpidf.sbr
d:\pjsip\pjproject-2.8\pjsip\build\output\pjsip_simple--win32-vc8-release-dynamic\xpidf.obj
d:\pjsip\pjproject-2.8\pjsip\build\output\pjsip_simple--win32-vc8-release-dynamic\rpid.obj
d:\pjsip\pjproject-2.8\pjsip\build\output\pjsip_simple--win32-vc8-release-dynamic\publishc.obj
d:\pjsip\pjproject-2.8\pjsip\build\output\pjsip_simple--win32-vc8-release-dynamic\presence_body.obj
d:\pjsip\pjproject-2.8\pjsip\build\output\pjsip_simple--win32-vc8-release-dynamic\presence.obj
d:\pjsip\pjproject-2.8\pjsip\build\output\pjsip_simple--win32-vc8-release-dynamic\pidf.obj
d:\pjsip\pjproject-2.8\pjsip\build\output\pjsip_simple--win32-vc8-release-dynamic\mwi.obj
d:\pjsip\pjproject-2.8\pjsip\build\output\pjsip_simple--win32-vc8-release-dynamic\iscomposing.obj
d:\pjsip\pjproject-2.8\pjsip\build\output\pjsip_simple--win32-vc8-release-dynamic\evsub_msg.obj
d:\pjsip\pjproject-2.8\pjsip\build\output\pjsip_simple--win32-vc8-release-dynamic\evsub.obj
d:\pjsip\pjproject-2.8\pjsip\build\output\pjsip_simple--win32-vc8-release-dynamic\errno.obj
d:\pjsip\pjproject-2.8\pjsip\lib\pjsip-simple-i386-win32-vc8-release-dynamic.lib
d:\pjsip\pjproject-2.8\pjsip\build\output\pjsip_simple--win32-vc8-release-dynamic\pjsip_simple.tlog\bscmake.command.1.tlog
d:\pjsip\pjproject-2.8\pjsip\build\output\pjsip_simple--win32-vc8-release-dynamic\pjsip_simple.tlog\bscmake.read.1.tlog
d:\pjsip\pjproject-2.8\pjsip\build\output\pjsip_simple--win32-vc8-release-dynamic\pjsip_simple.tlog\bscmake.write.1.tlog
d:\pjsip\pjproject-2.8\pjsip\build\output\pjsip_simple--win32-vc8-release-dynamic\pjsip_simple.tlog\cl.command.1.tlog
d:\pjsip\pjproject-2.8\pjsip\build\output\pjsip_simple--win32-vc8-release-dynamic\pjsip_simple.tlog\cl.read.1.tlog
d:\pjsip\pjproject-2.8\pjsip\build\output\pjsip_simple--win32-vc8-release-dynamic\pjsip_simple.tlog\cl.write.1.tlog
d:\pjsip\pjproject-2.8\pjsip\build\output\pjsip_simple--win32-vc8-release-dynamic\pjsip_simple.tlog\lib-link.read.1.tlog
d:\pjsip\pjproject-2.8\pjsip\build\output\pjsip_simple--win32-vc8-release-dynamic\pjsip_simple.tlog\lib-link.write.1.tlog
d:\pjsip\pjproject-2.8\pjsip\build\output\pjsip_simple--win32-vc8-release-dynamic\pjsip_simple.tlog\lib.command.1.tlog
