d:\pjsip\pjproject-2.8\pjsip\build\output\pjsua2_lib--win32-vc8-release-dynamic\pjsua2_lib.bsc
d:\pjsip\pjproject-2.8\pjsip\build\output\pjsua2_lib--win32-vc8-release-dynamic\pjsua2_lib.pdb
d:\pjsip\pjproject-2.8\pjsip\build\output\pjsua2_lib--win32-vc8-release-dynamic\account.sbr
d:\pjsip\pjproject-2.8\pjsip\build\output\pjsua2_lib--win32-vc8-release-dynamic\call.sbr
d:\pjsip\pjproject-2.8\pjsip\build\output\pjsua2_lib--win32-vc8-release-dynamic\endpoint.sbr
d:\pjsip\pjproject-2.8\pjsip\build\output\pjsua2_lib--win32-vc8-release-dynamic\json.sbr
d:\pjsip\pjproject-2.8\pjsip\build\output\pjsua2_lib--win32-vc8-release-dynamic\media.sbr
d:\pjsip\pjproject-2.8\pjsip\build\output\pjsua2_lib--win32-vc8-release-dynamic\persistent.sbr
d:\pjsip\pjproject-2.8\pjsip\build\output\pjsua2_lib--win32-vc8-release-dynamic\presence.sbr
d:\pjsip\pjproject-2.8\pjsip\build\output\pjsua2_lib--win32-vc8-release-dynamic\siptypes.sbr
d:\pjsip\pjproject-2.8\pjsip\build\output\pjsua2_lib--win32-vc8-release-dynamic\types.sbr
d:\pjsip\pjproject-2.8\pjsip\build\output\pjsua2_lib--win32-vc8-release-dynamic\types.obj
d:\pjsip\pjproject-2.8\pjsip\build\output\pjsua2_lib--win32-vc8-release-dynamic\siptypes.obj
d:\pjsip\pjproject-2.8\pjsip\build\output\pjsua2_lib--win32-vc8-release-dynamic\presence.obj
d:\pjsip\pjproject-2.8\pjsip\build\output\pjsua2_lib--win32-vc8-release-dynamic\persistent.obj
d:\pjsip\pjproject-2.8\pjsip\build\output\pjsua2_lib--win32-vc8-release-dynamic\media.obj
d:\pjsip\pjproject-2.8\pjsip\build\output\pjsua2_lib--win32-vc8-release-dynamic\json.obj
d:\pjsip\pjproject-2.8\pjsip\build\output\pjsua2_lib--win32-vc8-release-dynamic\endpoint.obj
d:\pjsip\pjproject-2.8\pjsip\build\output\pjsua2_lib--win32-vc8-release-dynamic\call.obj
d:\pjsip\pjproject-2.8\pjsip\build\output\pjsua2_lib--win32-vc8-release-dynamic\account.obj
d:\pjsip\pjproject-2.8\pjsip\lib\pjsua2-lib-i386-win32-vc8-release-dynamic.lib
d:\pjsip\pjproject-2.8\pjsip\build\output\pjsua2_lib--win32-vc8-release-dynamic\pjsua2_lib.tlog\bscmake.command.1.tlog
d:\pjsip\pjproject-2.8\pjsip\build\output\pjsua2_lib--win32-vc8-release-dynamic\pjsua2_lib.tlog\bscmake.read.1.tlog
d:\pjsip\pjproject-2.8\pjsip\build\output\pjsua2_lib--win32-vc8-release-dynamic\pjsua2_lib.tlog\bscmake.write.1.tlog
d:\pjsip\pjproject-2.8\pjsip\build\output\pjsua2_lib--win32-vc8-release-dynamic\pjsua2_lib.tlog\cl.command.1.tlog
d:\pjsip\pjproject-2.8\pjsip\build\output\pjsua2_lib--win32-vc8-release-dynamic\pjsua2_lib.tlog\cl.read.1.tlog
d:\pjsip\pjproject-2.8\pjsip\build\output\pjsua2_lib--win32-vc8-release-dynamic\pjsua2_lib.tlog\cl.write.1.tlog
d:\pjsip\pjproject-2.8\pjsip\build\output\pjsua2_lib--win32-vc8-release-dynamic\pjsua2_lib.tlog\lib-link.read.1.tlog
d:\pjsip\pjproject-2.8\pjsip\build\output\pjsua2_lib--win32-vc8-release-dynamic\pjsua2_lib.tlog\lib-link.write.1.tlog
d:\pjsip\pjproject-2.8\pjsip\build\output\pjsua2_lib--win32-vc8-release-dynamic\pjsua2_lib.tlog\lib.command.1.tlog
