  activesock.c
  addr_resolv_sock.c
  array.c
  config.c
  ctype.c
  errno.c
  except.c
  fifobuf.c
  file_access_win32.c
  file_io_win32.c
  guid.c
  guid_win32.c
  hash.c
  ioqueue_select.c
  ip_helper_win32.c
  list.c
  lock.c
  log.c
  log_writer_stdout.c
  os_core_win32.c
  コードを生成中...
  コンパイル中...
  os_error_win32.c
  os_info.c
  os_timestamp_common.c
  os_timestamp_win32.c
  os_time_win32.c
  pool.c
  pool_buf.c
  pool_caching.c
  pool_dbg.c
  pool_policy_malloc.c
  rand.c
  rbtree.c
  sock_bsd.c
  sock_common.c
  sock_qos_bsd.c
  sock_qos_common.c
  sock_qos_dummy.c
  sock_qos_wm.c
  sock_select.c
  ssl_sock_common.c
  コードを生成中...
  コンパイル中...
  ssl_sock_dump.c
  ssl_sock_ossl.c
  string.c
  timer.c
  types.c
  unicode_win32.c
  コードを生成中...
C:\Program Files (x86)\Microsoft Visual Studio\2017\Community\Common7\IDE\VC\VCTargets\Microsoft.CppBuild.targets(1397,5): warning MSB8012: TargetPath(D:\pjsip\pjproject-2.8\pjlib\build\.\output\pjlib--Win32-vc8-Release-Dynamic\pjlib.lib) が Library の OutputFile プロパティ値 (D:\pjsip\pjproject-2.8\pjlib\lib\pjlib-i386-Win32-vc8-Release-Dynamic.lib) と一致しません。このため、プロジェクトが正常にビルドされない可能性があります。この問題を解決するには、$(OutDir)、$(TargetName)、および $(TargetExt) の各プロパティ値が、%(Lib.OutputFile) で指定されている値と一致することを確認してください。
C:\Program Files (x86)\Microsoft Visual Studio\2017\Community\Common7\IDE\VC\VCTargets\Microsoft.CppBuild.targets(1399,5): warning MSB8012: TargetName(pjlib) が Library の OutputFile プロパティ値 (pjlib-i386-Win32-vc8-Release-Dynamic) と一致しません。このため、プロジェクトが正常にビルドされない可能性があります。この問題を解決するには、$(OutDir)、$(TargetName)、および $(TargetExt) の各プロパティ値が、%(Lib.OutputFile) で指定されている値と一致することを確認してください。
  pjlib.vcxproj -> D:\pjsip\pjproject-2.8\pjlib\build\.\output\pjlib--Win32-vc8-Release-Dynamic\pjlib.lib
