d:\pjsip\pjproject-2.8\pjlib\build\output\pjlib--win32-vc8-release-dynamic\pjlib.bsc
d:\pjsip\pjproject-2.8\pjlib\build\output\pjlib--win32-vc8-release-dynamic\pjlib.pdb
d:\pjsip\pjproject-2.8\pjlib\build\output\pjlib--win32-vc8-release-dynamic\activesock.sbr
d:\pjsip\pjproject-2.8\pjlib\build\output\pjlib--win32-vc8-release-dynamic\addr_resolv_sock.sbr
d:\pjsip\pjproject-2.8\pjlib\build\output\pjlib--win32-vc8-release-dynamic\array.sbr
d:\pjsip\pjproject-2.8\pjlib\build\output\pjlib--win32-vc8-release-dynamic\config.sbr
d:\pjsip\pjproject-2.8\pjlib\build\output\pjlib--win32-vc8-release-dynamic\ctype.sbr
d:\pjsip\pjproject-2.8\pjlib\build\output\pjlib--win32-vc8-release-dynamic\errno.sbr
d:\pjsip\pjproject-2.8\pjlib\build\output\pjlib--win32-vc8-release-dynamic\except.sbr
d:\pjsip\pjproject-2.8\pjlib\build\output\pjlib--win32-vc8-release-dynamic\fifobuf.sbr
d:\pjsip\pjproject-2.8\pjlib\build\output\pjlib--win32-vc8-release-dynamic\file_access_win32.sbr
d:\pjsip\pjproject-2.8\pjlib\build\output\pjlib--win32-vc8-release-dynamic\file_io_win32.sbr
d:\pjsip\pjproject-2.8\pjlib\build\output\pjlib--win32-vc8-release-dynamic\guid.sbr
d:\pjsip\pjproject-2.8\pjlib\build\output\pjlib--win32-vc8-release-dynamic\guid_win32.sbr
d:\pjsip\pjproject-2.8\pjlib\build\output\pjlib--win32-vc8-release-dynamic\hash.sbr
d:\pjsip\pjproject-2.8\pjlib\build\output\pjlib--win32-vc8-release-dynamic\ioqueue_select.sbr
d:\pjsip\pjproject-2.8\pjlib\build\output\pjlib--win32-vc8-release-dynamic\ip_helper_win32.sbr
d:\pjsip\pjproject-2.8\pjlib\build\output\pjlib--win32-vc8-release-dynamic\list.sbr
d:\pjsip\pjproject-2.8\pjlib\build\output\pjlib--win32-vc8-release-dynamic\lock.sbr
d:\pjsip\pjproject-2.8\pjlib\build\output\pjlib--win32-vc8-release-dynamic\log.sbr
d:\pjsip\pjproject-2.8\pjlib\build\output\pjlib--win32-vc8-release-dynamic\log_writer_stdout.sbr
d:\pjsip\pjproject-2.8\pjlib\build\output\pjlib--win32-vc8-release-dynamic\os_core_win32.sbr
d:\pjsip\pjproject-2.8\pjlib\build\output\pjlib--win32-vc8-release-dynamic\os_core_win32.obj
d:\pjsip\pjproject-2.8\pjlib\build\output\pjlib--win32-vc8-release-dynamic\log_writer_stdout.obj
d:\pjsip\pjproject-2.8\pjlib\build\output\pjlib--win32-vc8-release-dynamic\log.obj
d:\pjsip\pjproject-2.8\pjlib\build\output\pjlib--win32-vc8-release-dynamic\lock.obj
d:\pjsip\pjproject-2.8\pjlib\build\output\pjlib--win32-vc8-release-dynamic\list.obj
d:\pjsip\pjproject-2.8\pjlib\build\output\pjlib--win32-vc8-release-dynamic\ip_helper_win32.obj
d:\pjsip\pjproject-2.8\pjlib\build\output\pjlib--win32-vc8-release-dynamic\ioqueue_select.obj
d:\pjsip\pjproject-2.8\pjlib\build\output\pjlib--win32-vc8-release-dynamic\hash.obj
d:\pjsip\pjproject-2.8\pjlib\build\output\pjlib--win32-vc8-release-dynamic\guid_win32.obj
d:\pjsip\pjproject-2.8\pjlib\build\output\pjlib--win32-vc8-release-dynamic\guid.obj
d:\pjsip\pjproject-2.8\pjlib\build\output\pjlib--win32-vc8-release-dynamic\file_io_win32.obj
d:\pjsip\pjproject-2.8\pjlib\build\output\pjlib--win32-vc8-release-dynamic\file_access_win32.obj
d:\pjsip\pjproject-2.8\pjlib\build\output\pjlib--win32-vc8-release-dynamic\fifobuf.obj
d:\pjsip\pjproject-2.8\pjlib\build\output\pjlib--win32-vc8-release-dynamic\except.obj
d:\pjsip\pjproject-2.8\pjlib\build\output\pjlib--win32-vc8-release-dynamic\errno.obj
d:\pjsip\pjproject-2.8\pjlib\build\output\pjlib--win32-vc8-release-dynamic\ctype.obj
d:\pjsip\pjproject-2.8\pjlib\build\output\pjlib--win32-vc8-release-dynamic\config.obj
d:\pjsip\pjproject-2.8\pjlib\build\output\pjlib--win32-vc8-release-dynamic\array.obj
d:\pjsip\pjproject-2.8\pjlib\build\output\pjlib--win32-vc8-release-dynamic\addr_resolv_sock.obj
d:\pjsip\pjproject-2.8\pjlib\build\output\pjlib--win32-vc8-release-dynamic\activesock.obj
d:\pjsip\pjproject-2.8\pjlib\build\output\pjlib--win32-vc8-release-dynamic\os_error_win32.sbr
d:\pjsip\pjproject-2.8\pjlib\build\output\pjlib--win32-vc8-release-dynamic\os_info.sbr
d:\pjsip\pjproject-2.8\pjlib\build\output\pjlib--win32-vc8-release-dynamic\os_timestamp_common.sbr
d:\pjsip\pjproject-2.8\pjlib\build\output\pjlib--win32-vc8-release-dynamic\os_timestamp_win32.sbr
d:\pjsip\pjproject-2.8\pjlib\build\output\pjlib--win32-vc8-release-dynamic\os_time_win32.sbr
d:\pjsip\pjproject-2.8\pjlib\build\output\pjlib--win32-vc8-release-dynamic\pool.sbr
d:\pjsip\pjproject-2.8\pjlib\build\output\pjlib--win32-vc8-release-dynamic\pool_buf.sbr
d:\pjsip\pjproject-2.8\pjlib\build\output\pjlib--win32-vc8-release-dynamic\pool_caching.sbr
d:\pjsip\pjproject-2.8\pjlib\build\output\pjlib--win32-vc8-release-dynamic\pool_dbg.sbr
d:\pjsip\pjproject-2.8\pjlib\build\output\pjlib--win32-vc8-release-dynamic\pool_policy_malloc.sbr
d:\pjsip\pjproject-2.8\pjlib\build\output\pjlib--win32-vc8-release-dynamic\rand.sbr
d:\pjsip\pjproject-2.8\pjlib\build\output\pjlib--win32-vc8-release-dynamic\rbtree.sbr
d:\pjsip\pjproject-2.8\pjlib\build\output\pjlib--win32-vc8-release-dynamic\sock_bsd.sbr
d:\pjsip\pjproject-2.8\pjlib\build\output\pjlib--win32-vc8-release-dynamic\sock_common.sbr
d:\pjsip\pjproject-2.8\pjlib\build\output\pjlib--win32-vc8-release-dynamic\sock_qos_bsd.sbr
d:\pjsip\pjproject-2.8\pjlib\build\output\pjlib--win32-vc8-release-dynamic\sock_qos_common.sbr
d:\pjsip\pjproject-2.8\pjlib\build\output\pjlib--win32-vc8-release-dynamic\sock_qos_dummy.sbr
d:\pjsip\pjproject-2.8\pjlib\build\output\pjlib--win32-vc8-release-dynamic\sock_qos_wm.sbr
d:\pjsip\pjproject-2.8\pjlib\build\output\pjlib--win32-vc8-release-dynamic\sock_select.sbr
d:\pjsip\pjproject-2.8\pjlib\build\output\pjlib--win32-vc8-release-dynamic\ssl_sock_common.sbr
d:\pjsip\pjproject-2.8\pjlib\build\output\pjlib--win32-vc8-release-dynamic\ssl_sock_common.obj
d:\pjsip\pjproject-2.8\pjlib\build\output\pjlib--win32-vc8-release-dynamic\sock_select.obj
d:\pjsip\pjproject-2.8\pjlib\build\output\pjlib--win32-vc8-release-dynamic\sock_qos_wm.obj
d:\pjsip\pjproject-2.8\pjlib\build\output\pjlib--win32-vc8-release-dynamic\sock_qos_dummy.obj
d:\pjsip\pjproject-2.8\pjlib\build\output\pjlib--win32-vc8-release-dynamic\sock_qos_common.obj
d:\pjsip\pjproject-2.8\pjlib\build\output\pjlib--win32-vc8-release-dynamic\sock_qos_bsd.obj
d:\pjsip\pjproject-2.8\pjlib\build\output\pjlib--win32-vc8-release-dynamic\sock_common.obj
d:\pjsip\pjproject-2.8\pjlib\build\output\pjlib--win32-vc8-release-dynamic\sock_bsd.obj
d:\pjsip\pjproject-2.8\pjlib\build\output\pjlib--win32-vc8-release-dynamic\rbtree.obj
d:\pjsip\pjproject-2.8\pjlib\build\output\pjlib--win32-vc8-release-dynamic\rand.obj
d:\pjsip\pjproject-2.8\pjlib\build\output\pjlib--win32-vc8-release-dynamic\pool_policy_malloc.obj
d:\pjsip\pjproject-2.8\pjlib\build\output\pjlib--win32-vc8-release-dynamic\pool_dbg.obj
d:\pjsip\pjproject-2.8\pjlib\build\output\pjlib--win32-vc8-release-dynamic\pool_caching.obj
d:\pjsip\pjproject-2.8\pjlib\build\output\pjlib--win32-vc8-release-dynamic\pool_buf.obj
d:\pjsip\pjproject-2.8\pjlib\build\output\pjlib--win32-vc8-release-dynamic\pool.obj
d:\pjsip\pjproject-2.8\pjlib\build\output\pjlib--win32-vc8-release-dynamic\os_time_win32.obj
d:\pjsip\pjproject-2.8\pjlib\build\output\pjlib--win32-vc8-release-dynamic\os_timestamp_win32.obj
d:\pjsip\pjproject-2.8\pjlib\build\output\pjlib--win32-vc8-release-dynamic\os_timestamp_common.obj
d:\pjsip\pjproject-2.8\pjlib\build\output\pjlib--win32-vc8-release-dynamic\os_info.obj
d:\pjsip\pjproject-2.8\pjlib\build\output\pjlib--win32-vc8-release-dynamic\os_error_win32.obj
d:\pjsip\pjproject-2.8\pjlib\build\output\pjlib--win32-vc8-release-dynamic\ssl_sock_dump.sbr
d:\pjsip\pjproject-2.8\pjlib\build\output\pjlib--win32-vc8-release-dynamic\ssl_sock_ossl.sbr
d:\pjsip\pjproject-2.8\pjlib\build\output\pjlib--win32-vc8-release-dynamic\string.sbr
d:\pjsip\pjproject-2.8\pjlib\build\output\pjlib--win32-vc8-release-dynamic\timer.sbr
d:\pjsip\pjproject-2.8\pjlib\build\output\pjlib--win32-vc8-release-dynamic\types.sbr
d:\pjsip\pjproject-2.8\pjlib\build\output\pjlib--win32-vc8-release-dynamic\unicode_win32.sbr
d:\pjsip\pjproject-2.8\pjlib\build\output\pjlib--win32-vc8-release-dynamic\unicode_win32.obj
d:\pjsip\pjproject-2.8\pjlib\build\output\pjlib--win32-vc8-release-dynamic\types.obj
d:\pjsip\pjproject-2.8\pjlib\build\output\pjlib--win32-vc8-release-dynamic\timer.obj
d:\pjsip\pjproject-2.8\pjlib\build\output\pjlib--win32-vc8-release-dynamic\string.obj
d:\pjsip\pjproject-2.8\pjlib\build\output\pjlib--win32-vc8-release-dynamic\ssl_sock_ossl.obj
d:\pjsip\pjproject-2.8\pjlib\build\output\pjlib--win32-vc8-release-dynamic\ssl_sock_dump.obj
d:\pjsip\pjproject-2.8\pjlib\lib\pjlib-i386-win32-vc8-release-dynamic.lib
d:\pjsip\pjproject-2.8\pjlib\build\output\pjlib--win32-vc8-release-dynamic\pjlib.tlog\bscmake.command.1.tlog
d:\pjsip\pjproject-2.8\pjlib\build\output\pjlib--win32-vc8-release-dynamic\pjlib.tlog\bscmake.read.1.tlog
d:\pjsip\pjproject-2.8\pjlib\build\output\pjlib--win32-vc8-release-dynamic\pjlib.tlog\bscmake.write.1.tlog
d:\pjsip\pjproject-2.8\pjlib\build\output\pjlib--win32-vc8-release-dynamic\pjlib.tlog\cl.command.1.tlog
d:\pjsip\pjproject-2.8\pjlib\build\output\pjlib--win32-vc8-release-dynamic\pjlib.tlog\cl.read.1.tlog
d:\pjsip\pjproject-2.8\pjlib\build\output\pjlib--win32-vc8-release-dynamic\pjlib.tlog\cl.write.1.tlog
d:\pjsip\pjproject-2.8\pjlib\build\output\pjlib--win32-vc8-release-dynamic\pjlib.tlog\lib-link.read.1.tlog
d:\pjsip\pjproject-2.8\pjlib\build\output\pjlib--win32-vc8-release-dynamic\pjlib.tlog\lib-link.write.1.tlog
d:\pjsip\pjproject-2.8\pjlib\build\output\pjlib--win32-vc8-release-dynamic\pjlib.tlog\lib.command.1.tlog
