d:\pjsip\pjproject-2.8\pjmedia\build\output\pjmedia_videodev--win32-vc8-release-dynamic\pjmedia_videodev.bsc
d:\pjsip\pjproject-2.8\pjmedia\build\output\pjmedia_videodev--win32-vc8-release-dynamic\pjmedia_videodev.pdb
d:\pjsip\pjproject-2.8\pjmedia\build\output\pjmedia_videodev--win32-vc8-release-dynamic\avi_dev.sbr
d:\pjsip\pjproject-2.8\pjmedia\build\output\pjmedia_videodev--win32-vc8-release-dynamic\colorbar_dev.sbr
d:\pjsip\pjproject-2.8\pjmedia\build\output\pjmedia_videodev--win32-vc8-release-dynamic\dshow_dev.sbr
d:\pjsip\pjproject-2.8\pjmedia\build\output\pjmedia_videodev--win32-vc8-release-dynamic\errno.sbr
d:\pjsip\pjproject-2.8\pjmedia\build\output\pjmedia_videodev--win32-vc8-release-dynamic\ffmpeg_dev.sbr
d:\pjsip\pjproject-2.8\pjmedia\build\output\pjmedia_videodev--win32-vc8-release-dynamic\sdl_dev.sbr
d:\pjsip\pjproject-2.8\pjmedia\build\output\pjmedia_videodev--win32-vc8-release-dynamic\videodev.sbr
d:\pjsip\pjproject-2.8\pjmedia\build\output\pjmedia_videodev--win32-vc8-release-dynamic\videodev.obj
d:\pjsip\pjproject-2.8\pjmedia\build\output\pjmedia_videodev--win32-vc8-release-dynamic\sdl_dev.obj
d:\pjsip\pjproject-2.8\pjmedia\build\output\pjmedia_videodev--win32-vc8-release-dynamic\ffmpeg_dev.obj
d:\pjsip\pjproject-2.8\pjmedia\build\output\pjmedia_videodev--win32-vc8-release-dynamic\errno.obj
d:\pjsip\pjproject-2.8\pjmedia\build\output\pjmedia_videodev--win32-vc8-release-dynamic\dshow_dev.obj
d:\pjsip\pjproject-2.8\pjmedia\build\output\pjmedia_videodev--win32-vc8-release-dynamic\colorbar_dev.obj
d:\pjsip\pjproject-2.8\pjmedia\build\output\pjmedia_videodev--win32-vc8-release-dynamic\avi_dev.obj
d:\pjsip\pjproject-2.8\pjmedia\build\output\pjmedia_videodev--win32-vc8-release-dynamic\dshowclasses.sbr
d:\pjsip\pjproject-2.8\pjmedia\build\output\pjmedia_videodev--win32-vc8-release-dynamic\dshowclasses.obj
d:\pjsip\pjproject-2.8\pjmedia\lib\pjmedia-videodev-i386-win32-vc8-release-dynamic.lib
d:\pjsip\pjproject-2.8\pjmedia\build\output\pjmedia_videodev--win32-vc8-release-dynamic\pjmedia_videodev.tlog\bscmake.command.1.tlog
d:\pjsip\pjproject-2.8\pjmedia\build\output\pjmedia_videodev--win32-vc8-release-dynamic\pjmedia_videodev.tlog\bscmake.read.1.tlog
d:\pjsip\pjproject-2.8\pjmedia\build\output\pjmedia_videodev--win32-vc8-release-dynamic\pjmedia_videodev.tlog\bscmake.write.1.tlog
d:\pjsip\pjproject-2.8\pjmedia\build\output\pjmedia_videodev--win32-vc8-release-dynamic\pjmedia_videodev.tlog\cl.command.1.tlog
d:\pjsip\pjproject-2.8\pjmedia\build\output\pjmedia_videodev--win32-vc8-release-dynamic\pjmedia_videodev.tlog\cl.read.1.tlog
d:\pjsip\pjproject-2.8\pjmedia\build\output\pjmedia_videodev--win32-vc8-release-dynamic\pjmedia_videodev.tlog\cl.write.1.tlog
d:\pjsip\pjproject-2.8\pjmedia\build\output\pjmedia_videodev--win32-vc8-release-dynamic\pjmedia_videodev.tlog\lib-link.read.1.tlog
d:\pjsip\pjproject-2.8\pjmedia\build\output\pjmedia_videodev--win32-vc8-release-dynamic\pjmedia_videodev.tlog\lib-link.write.1.tlog
d:\pjsip\pjproject-2.8\pjmedia\build\output\pjmedia_videodev--win32-vc8-release-dynamic\pjmedia_videodev.tlog\lib.command.1.tlog
