d:\pjsip\pjproject-2.8\pjlib-util\build\output\pjlib_util--win32-vc8-release-dynamic\pjlib_util.bsc
d:\pjsip\pjproject-2.8\pjlib-util\build\output\pjlib_util--win32-vc8-release-dynamic\pjlib_util.pdb
d:\pjsip\pjproject-2.8\pjlib-util\build\output\pjlib_util--win32-vc8-release-dynamic\base64.sbr
d:\pjsip\pjproject-2.8\pjlib-util\build\output\pjlib_util--win32-vc8-release-dynamic\cli.sbr
d:\pjsip\pjproject-2.8\pjlib-util\build\output\pjlib_util--win32-vc8-release-dynamic\cli_console.sbr
d:\pjsip\pjproject-2.8\pjlib-util\build\output\pjlib_util--win32-vc8-release-dynamic\cli_telnet.sbr
d:\pjsip\pjproject-2.8\pjlib-util\build\output\pjlib_util--win32-vc8-release-dynamic\crc32.sbr
d:\pjsip\pjproject-2.8\pjlib-util\build\output\pjlib_util--win32-vc8-release-dynamic\dns.sbr
d:\pjsip\pjproject-2.8\pjlib-util\build\output\pjlib_util--win32-vc8-release-dynamic\dns_dump.sbr
d:\pjsip\pjproject-2.8\pjlib-util\build\output\pjlib_util--win32-vc8-release-dynamic\dns_server.sbr
d:\pjsip\pjproject-2.8\pjlib-util\build\output\pjlib_util--win32-vc8-release-dynamic\errno.sbr
d:\pjsip\pjproject-2.8\pjlib-util\build\output\pjlib_util--win32-vc8-release-dynamic\getopt.sbr
d:\pjsip\pjproject-2.8\pjlib-util\build\output\pjlib_util--win32-vc8-release-dynamic\hmac_md5.sbr
d:\pjsip\pjproject-2.8\pjlib-util\build\output\pjlib_util--win32-vc8-release-dynamic\hmac_sha1.sbr
d:\pjsip\pjproject-2.8\pjlib-util\build\output\pjlib_util--win32-vc8-release-dynamic\http_client.sbr
d:\pjsip\pjproject-2.8\pjlib-util\build\output\pjlib_util--win32-vc8-release-dynamic\json.sbr
d:\pjsip\pjproject-2.8\pjlib-util\build\output\pjlib_util--win32-vc8-release-dynamic\md5.sbr
d:\pjsip\pjproject-2.8\pjlib-util\build\output\pjlib_util--win32-vc8-release-dynamic\pcap.sbr
d:\pjsip\pjproject-2.8\pjlib-util\build\output\pjlib_util--win32-vc8-release-dynamic\resolver.sbr
d:\pjsip\pjproject-2.8\pjlib-util\build\output\pjlib_util--win32-vc8-release-dynamic\scanner.sbr
d:\pjsip\pjproject-2.8\pjlib-util\build\output\pjlib_util--win32-vc8-release-dynamic\sha1.sbr
d:\pjsip\pjproject-2.8\pjlib-util\build\output\pjlib_util--win32-vc8-release-dynamic\srv_resolver.sbr
d:\pjsip\pjproject-2.8\pjlib-util\build\output\pjlib_util--win32-vc8-release-dynamic\srv_resolver.obj
d:\pjsip\pjproject-2.8\pjlib-util\build\output\pjlib_util--win32-vc8-release-dynamic\sha1.obj
d:\pjsip\pjproject-2.8\pjlib-util\build\output\pjlib_util--win32-vc8-release-dynamic\scanner.obj
d:\pjsip\pjproject-2.8\pjlib-util\build\output\pjlib_util--win32-vc8-release-dynamic\resolver.obj
d:\pjsip\pjproject-2.8\pjlib-util\build\output\pjlib_util--win32-vc8-release-dynamic\pcap.obj
d:\pjsip\pjproject-2.8\pjlib-util\build\output\pjlib_util--win32-vc8-release-dynamic\md5.obj
d:\pjsip\pjproject-2.8\pjlib-util\build\output\pjlib_util--win32-vc8-release-dynamic\json.obj
d:\pjsip\pjproject-2.8\pjlib-util\build\output\pjlib_util--win32-vc8-release-dynamic\http_client.obj
d:\pjsip\pjproject-2.8\pjlib-util\build\output\pjlib_util--win32-vc8-release-dynamic\hmac_sha1.obj
d:\pjsip\pjproject-2.8\pjlib-util\build\output\pjlib_util--win32-vc8-release-dynamic\hmac_md5.obj
d:\pjsip\pjproject-2.8\pjlib-util\build\output\pjlib_util--win32-vc8-release-dynamic\getopt.obj
d:\pjsip\pjproject-2.8\pjlib-util\build\output\pjlib_util--win32-vc8-release-dynamic\errno.obj
d:\pjsip\pjproject-2.8\pjlib-util\build\output\pjlib_util--win32-vc8-release-dynamic\dns_server.obj
d:\pjsip\pjproject-2.8\pjlib-util\build\output\pjlib_util--win32-vc8-release-dynamic\dns_dump.obj
d:\pjsip\pjproject-2.8\pjlib-util\build\output\pjlib_util--win32-vc8-release-dynamic\dns.obj
d:\pjsip\pjproject-2.8\pjlib-util\build\output\pjlib_util--win32-vc8-release-dynamic\crc32.obj
d:\pjsip\pjproject-2.8\pjlib-util\build\output\pjlib_util--win32-vc8-release-dynamic\cli_telnet.obj
d:\pjsip\pjproject-2.8\pjlib-util\build\output\pjlib_util--win32-vc8-release-dynamic\cli_console.obj
d:\pjsip\pjproject-2.8\pjlib-util\build\output\pjlib_util--win32-vc8-release-dynamic\cli.obj
d:\pjsip\pjproject-2.8\pjlib-util\build\output\pjlib_util--win32-vc8-release-dynamic\base64.obj
d:\pjsip\pjproject-2.8\pjlib-util\build\output\pjlib_util--win32-vc8-release-dynamic\string.sbr
d:\pjsip\pjproject-2.8\pjlib-util\build\output\pjlib_util--win32-vc8-release-dynamic\stun_simple.sbr
d:\pjsip\pjproject-2.8\pjlib-util\build\output\pjlib_util--win32-vc8-release-dynamic\stun_simple_client.sbr
d:\pjsip\pjproject-2.8\pjlib-util\build\output\pjlib_util--win32-vc8-release-dynamic\symbols.sbr
d:\pjsip\pjproject-2.8\pjlib-util\build\output\pjlib_util--win32-vc8-release-dynamic\xml.sbr
d:\pjsip\pjproject-2.8\pjlib-util\build\output\pjlib_util--win32-vc8-release-dynamic\xml.obj
d:\pjsip\pjproject-2.8\pjlib-util\build\output\pjlib_util--win32-vc8-release-dynamic\symbols.obj
d:\pjsip\pjproject-2.8\pjlib-util\build\output\pjlib_util--win32-vc8-release-dynamic\stun_simple_client.obj
d:\pjsip\pjproject-2.8\pjlib-util\build\output\pjlib_util--win32-vc8-release-dynamic\stun_simple.obj
d:\pjsip\pjproject-2.8\pjlib-util\build\output\pjlib_util--win32-vc8-release-dynamic\string.obj
d:\pjsip\pjproject-2.8\pjlib-util\lib\pjlib-util-i386-win32-vc8-release-dynamic.lib
d:\pjsip\pjproject-2.8\pjlib-util\build\output\pjlib_util--win32-vc8-release-dynamic\pjlib_util.tlog\bscmake.command.1.tlog
d:\pjsip\pjproject-2.8\pjlib-util\build\output\pjlib_util--win32-vc8-release-dynamic\pjlib_util.tlog\bscmake.read.1.tlog
d:\pjsip\pjproject-2.8\pjlib-util\build\output\pjlib_util--win32-vc8-release-dynamic\pjlib_util.tlog\bscmake.write.1.tlog
d:\pjsip\pjproject-2.8\pjlib-util\build\output\pjlib_util--win32-vc8-release-dynamic\pjlib_util.tlog\cl.command.1.tlog
d:\pjsip\pjproject-2.8\pjlib-util\build\output\pjlib_util--win32-vc8-release-dynamic\pjlib_util.tlog\cl.read.1.tlog
d:\pjsip\pjproject-2.8\pjlib-util\build\output\pjlib_util--win32-vc8-release-dynamic\pjlib_util.tlog\cl.write.1.tlog
d:\pjsip\pjproject-2.8\pjlib-util\build\output\pjlib_util--win32-vc8-release-dynamic\pjlib_util.tlog\lib-link.read.1.tlog
d:\pjsip\pjproject-2.8\pjlib-util\build\output\pjlib_util--win32-vc8-release-dynamic\pjlib_util.tlog\lib-link.write.1.tlog
d:\pjsip\pjproject-2.8\pjlib-util\build\output\pjlib_util--win32-vc8-release-dynamic\pjlib_util.tlog\lib.command.1.tlog
